Set parameter Username
Set parameter Username
Set parameter Username
Academic license - for non-commercial use only - expires 2024-11-09
Academic license - for non-commercial use only - expires 2024-11-09
Academic license - for non-commercial use only - expires 2024-11-09
Set parameter Username
Set parameter Username
Set parameter Username
Academic license - for non-commercial use only - expires 2024-11-09
Academic license - for non-commercial use only - expires 2024-11-09
Set parameter Username
Academic license - for non-commercial use only - expires 2024-11-09
Academic license - for non-commercial use only - expires 2024-11-09
State		(||old_soln||_1)^2		Stabilizer extent squared		Time elapsed
-----------------------------------------------------------------------------------------------------
CC^2Z   		 1.77777778		 4.00000000				0.5288760170005844
D_3^1   		 1.33333333		---       				0.5206927620001807
D_3^2   		 1.33333333		---       				0.5205502640001214
CC^3Z   		 2.25000000		 2.25000001				8.682629435001218
D_4^1   		 1.77777778		---       				8.156515747999947
D_4^2   		 1.33333333		---       				7.204240258000937
D_4^3   		 1.77777778		---       				8.438255032999223

Time elapsed: 8.75011999599883
