Set parameter Username
Set parameter Username
Set parameter Username
Academic license - for non-commercial use only - expires 2024-11-09
Academic license - for non-commercial use only - expires 2024-11-09
Academic license - for non-commercial use only - expires 2024-11-09
Set parameter Username
Set parameter Username
Set parameter Username
Academic license - for non-commercial use only - expires 2024-11-09
Academic license - for non-commercial use only - expires 2024-11-09
Academic license - for non-commercial use only - expires 2024-11-09
Set parameter Username
Set parameter Username
Academic license - for non-commercial use only - expires 2024-11-09
Academic license - for non-commercial use only - expires 2024-11-09
Set parameter Username
Set parameter Username
Academic license - for non-commercial use only - expires 2024-11-09
Academic license - for non-commercial use only - expires 2024-11-09
State		(||old_soln||_1)^2		Stabilizer extent squared		Time elapsed
-----------------------------------------------------------------------------------------------------
CC^0Z   		 1.00000000		 1.00000000				0.26978564099772484
CC^1Z   		 1.00000000		 1.00000000				0.26963714600060484
D_2^1   		 1.00000000		 1.00000000				0.2694912459992338
CC^2Z   		 1.77777778		 4.00000000				0.38700466499722097
D_3^1   		 1.33333333		---       				0.3846426349991816
D_3^2   		 1.33333333		---       				0.3844773900018481
CC^3Z   		 2.25000000		 2.25000001				8.553413068999362
D_4^1   		 1.77777778		---       				8.407224285001575
D_4^2   		 1.33333333		---       				8.482980411998142
D_4^3   		 1.77777778		---       				8.352048125001602

Time elapsed: 8.615806669000449
